app/build/intermediates/manifest_merge_blame_file/debug/manifest-merger-blame-debug-report.txt
1<?xml version="1.0" encoding="utf-8"?>
2<manifest xmlns:android="http://schemas.android.com/apk/res/android"
3    package="com.inke.netchange"
4    android:versionCode="1"
5    android:versionName="1.0" >
6
7    <uses-sdk
8        android:minSdkVersion="16"
8-->src/main/AndroidManifest.xml
9        android:targetSdkVersion="30" />
9-->src/main/AndroidManifest.xml
10
11    <uses-permission android:name="android.permission.ACCESS_NETWORK_STATE" />
11-->src/main/AndroidManifest.xml:4:5-78
11-->src/main/AndroidManifest.xml:4:22-76
12    <uses-permission android:name="android.permission.CHANGE_NETWORK_STATE" />
12-->src/main/AndroidManifest.xml:5:5-78
12-->src/main/AndroidManifest.xml:5:22-76
13    <uses-permission android:name="android.permission.ACCESS_WIFI_STATE" />
13-->src/main/AndroidManifest.xml:6:5-75
13-->src/main/AndroidManifest.xml:6:22-73
14    <uses-permission android:name="android.permission.CHANGE_WIFI_STATE" />
14-->src/main/AndroidManifest.xml:7:5-75
14-->src/main/AndroidManifest.xml:7:22-73
15
16    <application
16-->src/main/AndroidManifest.xml:9:5-36:19
17        android:name="com.inke.netchange.BaseApplication"
17-->src/main/AndroidManifest.xml:10:9-40
18        android:allowBackup="true"
18-->src/main/AndroidManifest.xml:11:9-35
19        android:appComponentFactory="androidx.core.app.CoreComponentFactory"
19-->[androidx.core:core:1.5.0] AndroidManifest.xml:24:18-86
20        android:debuggable="true"
21        android:icon="@mipmap/ic_launcher"
21-->src/main/AndroidManifest.xml:12:9-43
22        android:label="@string/app_name"
22-->src/main/AndroidManifest.xml:13:9-41
23        android:roundIcon="@mipmap/ic_launcher_round"
23-->src/main/AndroidManifest.xml:14:9-54
24        android:supportsRtl="true"
24-->src/main/AndroidManifest.xml:15:9-35
25        android:testOnly="true"
26        android:theme="@style/Theme.NetChange" >
26-->src/main/AndroidManifest.xml:16:9-47
27        <activity android:name="com.inke.netchange.MainActivity" >
27-->src/main/AndroidManifest.xml:17:9-23:20
27-->src/main/AndroidManifest.xml:17:19-47
28            <intent-filter>
28-->src/main/AndroidManifest.xml:18:13-22:29
29                <action android:name="android.intent.action.MAIN" />
29-->src/main/AndroidManifest.xml:19:17-69
29-->src/main/AndroidManifest.xml:19:25-66
30
31                <category android:name="android.intent.category.LAUNCHER" />
31-->src/main/AndroidManifest.xml:21:17-77
31-->src/main/AndroidManifest.xml:21:27-74
32            </intent-filter>
33        </activity>
34
35        <receiver android:name="com.inke.library.NetStateReceiver" >
35-->src/main/AndroidManifest.xml:25:9-29:20
35-->src/main/AndroidManifest.xml:25:19-67
36            <intent-filter>
36-->src/main/AndroidManifest.xml:26:13-28:29
37                <action android:name="android.net.conn.CONNECTIVITY_CHANGE" />
37-->src/main/AndroidManifest.xml:27:17-78
37-->src/main/AndroidManifest.xml:27:25-76
38            </intent-filter>
39        </receiver>
40
41        <!-- <receiver android:name="com.inke.library.NetStateReceiver2"> -->
42        <!-- <intent-filter> -->
43        <!-- <action android:name="android.net.conn.CONNECTIVITY_CHANGE"/> -->
44        <!-- </intent-filter> -->
45        <!-- </receiver> -->
46    </application>
47
48</manifest>